Initialized editor
Loading file
Loaded file
Start draw
offset 0 0
Start draw_screen
0
1
2
3
4
5
6
7
8
9
End draw_screen
End draw
Start draw
offset 0 0
Start draw_screen
0
1
2
3
4
5
6
7
8
9
End draw_screen
End draw
Start draw
offset 0 0
Start draw_screen
0
1
2
3
4
5
6
7
8
9
End draw_screen
End draw
Start draw
offset 0 0
Start draw_screen
0
1
2
3
4
5
6
7
8
9
End draw_screen
End draw
Start draw
offset 0 0
Start draw_screen
0
1
2
3
4
5
6
7
8
9
End draw_screen
End draw
Start draw
offset 0 0
Start draw_screen
0
1
2
3
4
5
6
7
8
9
End draw_screen
End draw
Start draw
offset 0 0
Start draw_screen
0
1
2
3
4
5
6
7
8
9
End draw_screen
End draw
Start draw
offset 0 0
Start draw_screen
0
1
2
3
4
5
6
7
8
9
End draw_screen
End draw
Start draw
offset 0 0
Start draw_screen
0
1
2
3
4
5
6
7
8
9
End draw_screen
End draw
Start draw
offset 0 0
Start draw_screen
0
1
2
3
4
5
6
7
8
9
End draw_screen
End draw
Start draw
offset 0 0
Start draw_screen
0
1
2
3
4
5
6
7
8
9
End draw_screen
End draw
Start draw
offset 0 0
Start draw_screen
0
1
2
3
4
5
6
7
8
9
End draw_screen
End draw
Start draw
offset 0 0
Start draw_screen
0
1
2
3
4
5
6
7
8
9
End draw_screen
End draw
Start draw
offset 0 0
Start draw_screen
0
1
2
3
4
5
6
7
8
9
End draw_screen
End draw
Start draw
offset 0 0
Start draw_screen
0
1
2
3
4
5
6
7
8
9
End draw_screen
End draw
